TN:
SF:src/controllers/AdminController.js
FN:3,_interopRequireWildcard
FN:14,_interopRequireDefault
FN:35,index
FN:52,store
FNF:4
FNH:2
FNDA:8,_interopRequireWildcard
FNDA:24,_interopRequireDefault
FNDA:0,index
FNDA:0,store
DA:1,8
DA:2,8
DA:3,8
DA:4,8
DA:5,8
DA:6,0
DA:7,0
DA:8,0
DA:9,0
DA:10,0
DA:11,0
DA:12,0
DA:13,0
DA:14,8
DA:15,24
DA:16,24
DA:17,24
DA:18,8
DA:19,8
DA:20,8
DA:21,8
DA:22,8
DA:23,8
DA:24,8
DA:25,8
DA:26,8
DA:27,8
DA:28,8
DA:29,8
DA:30,8
DA:31,8
DA:32,8
DA:33,8
DA:34,8
DA:35,8
DA:36,0
DA:37,0
DA:38,0
DA:39,0
DA:40,0
DA:41,0
DA:42,0
DA:43,0
DA:44,0
DA:45,0
DA:46,0
DA:47,0
DA:48,0
DA:49,0
DA:50,0
DA:51,0
DA:52,8
DA:53,0
DA:54,0
DA:55,0
DA:56,0
DA:57,0
DA:58,0
DA:59,0
DA:60,0
DA:61,0
DA:62,0
DA:63,0
DA:64,0
DA:65,0
DA:66,0
DA:67,0
DA:68,0
DA:69,0
DA:70,0
DA:71,0
DA:72,0
DA:73,0
DA:74,0
DA:75,0
DA:76,0
DA:77,0
DA:78,0
DA:79,0
DA:80,0
DA:81,0
DA:82,0
DA:83,0
DA:84,0
DA:85,0
LF:85
LH:28
BRDA:1,0,0,8
BRDA:3,1,0,8
BRDA:5,2,0,0
BRDA:14,3,0,24
BRDA:17,4,0,0
BRF:5
BRH:3
end_of_record
TN:
SF:src/controllers/AnimalAdoptController.js
FN:2,_interopRequireDefault
FN:14,store
FNF:2
FNH:2
FNDA:16,_interopRequireDefault
FNDA:2,store
DA:1,8
DA:2,8
DA:3,16
DA:4,16
DA:5,16
DA:6,8
DA:7,8
DA:8,8
DA:9,8
DA:10,8
DA:11,8
DA:12,8
DA:13,8
DA:14,8
DA:15,2
DA:16,2
DA:17,2
DA:18,2
DA:19,2
DA:20,2
DA:21,2
DA:22,2
DA:23,0
DA:24,2
DA:25,2
DA:26,2
DA:27,1
DA:28,1
DA:29,1
DA:30,1
DA:31,1
DA:32,1
DA:33,1
DA:34,1
DA:35,1
LF:35
LH:34
BRDA:1,0,0,8
BRDA:2,1,0,16
BRDA:6,2,0,0
BRDA:14,3,0,2
BRDA:22,4,0,0
BRDA:26,5,0,1
BRF:6
BRH:4
end_of_record
TN:
SF:src/controllers/AnimalController.js
FN:3,_interopRequireWildcard
FN:16,_interopRequireDefault
FN:35,show
FN:88,count
FN:165,index
FNF:5
FNH:3
FNDA:8,_interopRequireWildcard
FNDA:16,_interopRequireDefault
FNDA:1,show
FNDA:0,count
FNDA:0,index
DA:1,8
DA:2,8
DA:3,8
DA:4,8
DA:5,8
DA:6,8
DA:7,8
DA:8,0
DA:9,0
DA:10,0
DA:11,0
DA:12,0
DA:13,0
DA:14,0
DA:15,0
DA:16,8
DA:17,16
DA:18,0
DA:19,8
DA:20,8
DA:21,8
DA:22,8
DA:23,8
DA:24,8
DA:25,8
DA:26,8
DA:27,8
DA:28,8
DA:29,8
DA:30,8
DA:31,8
DA:32,8
DA:33,8
DA:34,8
DA:35,8
DA:36,1
DA:37,1
DA:38,1
DA:39,1
DA:40,1
DA:41,1
DA:42,1
DA:43,1
DA:44,1
DA:45,1
DA:46,1
DA:47,1
DA:48,1
DA:49,1
DA:50,1
DA:51,1
DA:52,1
DA:53,1
DA:54,1
DA:55,1
DA:56,1
DA:57,1
DA:58,1
DA:59,1
DA:60,1
DA:61,1
DA:62,1
DA:63,1
DA:64,1
DA:65,1
DA:66,1
DA:67,1
DA:68,1
DA:69,1
DA:70,1
DA:71,0
DA:72,0
DA:73,0
DA:74,0
DA:75,1
DA:76,1
DA:77,1
DA:78,1
DA:79,1
DA:80,1
DA:81,1
DA:82,1
DA:83,1
DA:84,3
DA:85,3
DA:86,3
DA:87,1
DA:88,8
DA:89,0
DA:90,0
DA:91,0
DA:92,0
DA:93,0
DA:94,0
DA:95,0
DA:96,0
DA:97,0
DA:98,0
DA:99,0
DA:100,0
DA:101,0
DA:102,0
DA:103,0
DA:104,0
DA:105,0
DA:106,0
DA:107,0
DA:108,0
DA:109,0
DA:110,0
DA:111,0
DA:112,0
DA:113,0
DA:114,0
DA:115,0
DA:116,0
DA:117,0
DA:118,0
DA:119,0
DA:120,0
DA:121,0
DA:122,0
DA:123,0
DA:124,0
DA:125,0
DA:126,0
DA:127,0
DA:128,0
DA:129,0
DA:130,0
DA:131,0
DA:132,0
DA:133,0
DA:134,0
DA:135,0
DA:136,0
DA:137,0
DA:138,0
DA:139,0
DA:140,0
DA:141,0
DA:142,0
DA:143,0
DA:144,0
DA:145,0
DA:146,0
DA:147,0
DA:148,0
DA:149,0
DA:150,0
DA:151,0
DA:152,0
DA:153,0
DA:154,0
DA:155,0
DA:156,0
DA:157,0
DA:158,0
DA:159,0
DA:160,0
DA:161,0
DA:162,0
DA:163,0
DA:164,0
DA:165,8
DA:166,0
DA:167,0
DA:168,0
DA:169,0
DA:170,0
DA:171,0
DA:172,0
DA:173,0
DA:174,0
DA:175,0
DA:176,0
DA:177,0
DA:178,0
DA:179,0
DA:180,0
DA:181,0
DA:182,0
DA:183,0
DA:184,0
DA:185,0
DA:186,0
DA:187,0
DA:188,0
DA:189,0
DA:190,0
DA:191,0
DA:192,0
DA:193,0
DA:194,0
DA:195,0
DA:196,0
DA:197,0
DA:198,0
DA:199,0
DA:200,0
DA:201,0
DA:202,0
DA:203,0
DA:204,0
DA:205,0
DA:206,0
DA:207,0
DA:208,0
DA:209,0
DA:210,0
DA:211,0
DA:212,0
DA:213,0
DA:214,0
DA:215,0
DA:216,0
DA:217,0
DA:218,0
DA:219,0
DA:220,0
DA:221,0
DA:222,0
DA:223,0
DA:224,0
DA:225,0
DA:226,0
DA:227,0
DA:228,0
DA:229,0
DA:230,0
DA:231,0
DA:232,0
DA:233,0
DA:234,0
DA:235,0
DA:236,0
DA:237,0
DA:238,0
DA:239,0
DA:240,0
DA:241,0
DA:242,0
LF:242
LH:76
BRDA:1,0,0,8
BRDA:3,1,0,8
BRDA:7,2,0,0
BRDA:16,3,0,16
BRDA:17,4,0,0
BRDA:35,5,0,1
BRDA:70,6,0,0
BRDA:76,7,0,0
BRDA:88,8,0,0
BRDA:83,9,0,3
BRF:10
BRH:5
end_of_record
TN:
SF:src/controllers/AnimalRefuseController.js
FN:4,_interopRequireWildcard
FN:13,_interopRequireDefault
FN:30,store
FNF:3
FNH:3
FNDA:8,_interopRequireWildcard
FNDA:24,_interopRequireDefault
FNDA:3,store
DA:1,8
DA:2,8
DA:3,8
DA:4,8
DA:5,8
DA:6,0
DA:7,0
DA:8,0
DA:9,0
DA:10,0
DA:11,0
DA:12,0
DA:13,8
DA:14,24
DA:15,24
DA:16,0
DA:17,8
DA:18,8
DA:19,8
DA:20,8
DA:21,8
DA:22,8
DA:23,8
DA:24,8
DA:25,8
DA:26,8
DA:27,8
DA:28,8
DA:29,8
DA:30,8
DA:31,3
DA:32,3
DA:33,3
DA:34,3
DA:35,3
DA:36,3
DA:37,3
DA:38,3
DA:39,1
DA:40,1
DA:41,1
DA:42,3
DA:43,3
DA:44,0
DA:45,0
DA:46,0
DA:47,3
DA:48,3
DA:49,1
DA:50,1
DA:51,1
DA:52,1
DA:53,1
DA:54,1
LF:54
LH:43
BRDA:1,0,0,8
BRDA:4,1,0,8
BRDA:5,2,0,0
BRDA:13,3,0,24
BRDA:15,4,0,0
BRDA:30,5,0,3
BRDA:38,6,0,1
BRDA:42,7,0,2
BRDA:43,8,0,0
BRDA:47,9,0,2
BRDA:48,10,0,1
BRF:11
BRH:8
end_of_record
TN:
SF:src/controllers/AnimalVerifyController.js
FN:4,_interopRequireDefault
FN:25,count
FN:39,index
FN:89,store
FNF:4
FNH:2
FNDA:16,_interopRequireDefault
FNDA:0,count
FNDA:0,index
FNDA:6,store
DA:1,8
DA:2,8
DA:3,8
DA:4,8
DA:5,16
DA:6,16
DA:7,16
DA:8,16
DA:9,8
DA:10,8
DA:11,8
DA:12,8
DA:13,8
DA:14,8
DA:15,8
DA:16,8
DA:17,8
DA:18,8
DA:19,8
DA:20,8
DA:21,8
DA:22,8
DA:23,8
DA:24,8
DA:25,8
DA:26,0
DA:27,0
DA:28,0
DA:29,0
DA:30,0
DA:31,0
DA:32,0
DA:33,0
DA:34,0
DA:35,0
DA:36,0
DA:37,0
DA:38,0
DA:39,8
DA:40,0
DA:41,0
DA:42,0
DA:43,0
DA:44,0
DA:45,0
DA:46,0
DA:47,0
DA:48,0
DA:49,0
DA:50,0
DA:51,0
DA:52,0
DA:53,0
DA:54,0
DA:55,0
DA:56,0
DA:57,0
DA:58,0
DA:59,0
DA:60,0
DA:61,0
DA:62,0
DA:63,0
DA:64,0
DA:65,0
DA:66,0
DA:67,0
DA:68,0
DA:69,0
DA:70,0
DA:71,0
DA:72,0
DA:73,0
DA:74,0
DA:75,0
DA:76,0
DA:77,0
DA:78,0
DA:79,0
DA:80,0
DA:81,0
DA:82,0
DA:83,0
DA:84,0
DA:85,0
DA:86,0
DA:87,0
DA:88,0
DA:89,8
DA:90,6
DA:91,6
DA:92,6
DA:93,6
DA:94,6
DA:95,6
DA:96,6
DA:97,6
DA:98,0
DA:99,6
DA:100,6
DA:101,6
DA:102,1
DA:103,1
DA:104,1
DA:105,5
DA:106,5
DA:107,5
DA:108,5
DA:109,5
DA:110,5
DA:111,5
DA:112,5
DA:113,5
DA:114,5
DA:115,5
DA:116,5
DA:117,5
LF:117
LH:54
BRDA:1,0,0,8
BRDA:4,1,0,16
BRDA:8,2,0,0
BRDA:89,3,0,6
BRDA:97,4,0,0
BRDA:101,5,0,5
BRDA:101,6,0,1
BRF:7
BRH:5
end_of_record
TN:
SF:src/controllers/AuthenticationController.js
FN:3,_interopRequireWildcard
FN:13,_interopRequireDefault
FN:33,store
FNF:3
FNH:3
FNDA:8,_interopRequireWildcard
FNDA:24,_interopRequireDefault
FNDA:27,store
DA:1,8
DA:2,8
DA:3,8
DA:4,8
DA:5,8
DA:6,8
DA:7,0
DA:8,0
DA:9,0
DA:10,0
DA:11,0
DA:12,0
DA:13,8
DA:14,24
DA:15,24
DA:16,0
DA:17,8
DA:18,8
DA:19,8
DA:20,8
DA:21,8
DA:22,8
DA:23,8
DA:24,8
DA:25,8
DA:26,8
DA:27,8
DA:28,8
DA:29,8
DA:30,8
DA:31,8
DA:32,8
DA:33,8
DA:34,27
DA:35,27
DA:36,27
DA:37,27
DA:38,27
DA:39,0
DA:40,0
DA:41,0
DA:42,27
DA:43,27
DA:44,27
DA:45,27
DA:46,27
DA:47,27
DA:48,27
DA:49,27
DA:50,27
DA:51,27
DA:52,27
DA:53,27
DA:54,3
DA:55,3
DA:56,3
DA:57,3
DA:58,27
DA:59,24
DA:60,24
DA:61,24
DA:62,24
DA:63,24
DA:64,24
DA:65,27
DA:66,1
DA:67,1
DA:68,1
DA:69,25
DA:70,27
DA:71,4
DA:72,4
DA:73,4
DA:74,4
DA:75,4
DA:76,4
LF:76
LH:66
BRDA:1,0,0,8
BRDA:3,1,0,8
BRDA:6,2,0,0
BRDA:13,3,0,24
BRDA:15,4,0,0
BRDA:33,5,0,27
BRDA:39,6,0,0
BRDA:53,7,0,3
BRDA:58,8,0,24
BRDA:65,9,0,25
BRDA:65,10,0,1
BRDA:69,11,0,23
BRDA:70,12,0,4
BRF:13
BRH:10
end_of_record
TN:
SF:src/controllers/BreedController.js
FN:4,_interopRequireDefault
FNF:1
FNH:1
FNDA:8,_interopRequireDefault
DA:1,8
DA:2,8
DA:3,8
DA:4,8
DA:5,8
DA:6,8
DA:7,8
DA:8,8
DA:9,8
DA:10,8
DA:11,8
DA:12,8
DA:13,8
LF:13
LH:13
BRDA:1,0,0,8
BRDA:4,1,0,8
BRDA:6,2,0,0
BRF:3
BRH:2
end_of_record
TN:
SF:src/controllers/ForgotPasswordController.js
FN:3,_interopRequireWildcard
FN:13,_interopRequireDefault
FN:44,store
FN:105,update
FNF:4
FNH:4
FNDA:8,_interopRequireWildcard
FNDA:40,_interopRequireDefault
FNDA:2,store
FNDA:2,update
DA:1,8
DA:2,8
DA:3,8
DA:4,8
DA:5,8
DA:6,0
DA:7,0
DA:8,0
DA:9,0
DA:10,0
DA:11,0
DA:12,8
DA:13,40
DA:14,40
DA:15,40
DA:16,8
DA:17,8
DA:18,8
DA:19,8
DA:20,8
DA:21,8
DA:22,8
DA:23,8
DA:24,8
DA:25,8
DA:26,8
DA:27,8
DA:28,8
DA:29,8
DA:30,8
DA:31,8
DA:32,8
DA:33,8
DA:34,8
DA:35,8
DA:36,8
DA:37,8
DA:38,8
DA:39,8
DA:40,8
DA:41,8
DA:42,8
DA:43,8
DA:44,8
DA:45,2
DA:46,2
DA:47,2
DA:48,2
DA:49,2
DA:50,2
DA:51,2
DA:52,2
DA:53,0
DA:54,2
DA:55,2
DA:56,2
DA:57,2
DA:58,2
DA:59,2
DA:60,1
DA:61,1
DA:62,1
DA:63,1
DA:64,1
DA:65,1
DA:66,1
DA:67,1
DA:68,1
DA:69,1
DA:70,2
DA:71,2
DA:72,2
DA:73,2
DA:74,2
DA:75,2
DA:76,2
DA:77,1
DA:78,1
DA:79,1
DA:80,1
DA:81,1
DA:82,1
DA:83,1
DA:84,1
DA:85,1
DA:86,1
DA:87,1
DA:88,1
DA:89,1
DA:90,1
DA:91,1
DA:92,1
DA:93,1
DA:94,1
DA:95,1
DA:96,1
DA:97,1
DA:98,1
DA:99,1
DA:100,1
DA:101,1
DA:102,1
DA:103,1
DA:104,1
DA:105,8
DA:106,2
DA:107,2
DA:108,2
DA:109,2
LF:109
LH:102
BRDA:1,0,0,8
BRDA:3,1,0,8
BRDA:5,2,0,0
BRDA:13,3,0,40
BRDA:16,4,0,32
BRDA:16,5,0,8
BRDA:44,6,0,2
BRDA:52,7,0,0
BRDA:59,8,0,1
BRDA:70,9,0,0
BRDA:76,10,0,1
BRDA:105,11,0,0
BRDA:105,12,0,2
BRF:13
BRH:9
end_of_record
TN:
SF:src/controllers/MyAnimalsController.js
FN:3,_interopRequireWildcard
FN:12,_interopRequireDefault
FN:58,count
FN:119,index
FN:210,store
FN:314,update
FNF:6
FNH:5
FNDA:8,_interopRequireWildcard
FNDA:56,_interopRequireDefault
FNDA:0,count
FNDA:2,index
FNDA:28,store
FNDA:2,update
DA:1,8
DA:2,8
DA:3,8
DA:4,8
DA:5,8
DA:6,8
DA:7,8
DA:8,0
DA:9,0
DA:10,0
DA:11,0
DA:12,8
DA:13,56
DA:14,56
DA:15,16
DA:16,8
DA:17,8
DA:18,8
DA:19,8
DA:20,8
DA:21,8
DA:22,8
DA:23,8
DA:24,8
DA:25,8
DA:26,8
DA:27,8
DA:28,8
DA:29,8
DA:30,8
DA:31,8
DA:32,8
DA:33,8
DA:34,8
DA:35,8
DA:36,8
DA:37,8
DA:38,8
DA:39,8
DA:40,8
DA:41,8
DA:42,8
DA:43,8
DA:44,8
DA:45,8
DA:46,8
DA:47,8
DA:48,8
DA:49,8
DA:50,8
DA:51,8
DA:52,8
DA:53,8
DA:54,8
DA:55,8
DA:56,8
DA:57,8
DA:58,8
DA:59,0
DA:60,0
DA:61,0
DA:62,0
DA:63,0
DA:64,0
DA:65,0
DA:66,0
DA:67,0
DA:68,0
DA:69,0
DA:70,0
DA:71,0
DA:72,0
DA:73,0
DA:74,0
DA:75,0
DA:76,0
DA:77,0
DA:78,0
DA:79,0
DA:80,0
DA:81,0
DA:82,0
DA:83,0
DA:84,0
DA:85,0
DA:86,0
DA:87,0
DA:88,0
DA:89,0
DA:90,0
DA:91,0
DA:92,0
DA:93,0
DA:94,0
DA:95,0
DA:96,0
DA:97,0
DA:98,0
DA:99,0
DA:100,0
DA:101,0
DA:102,0
DA:103,0
DA:104,0
DA:105,0
DA:106,0
DA:107,0
DA:108,0
DA:109,0
DA:110,0
DA:111,0
DA:112,0
DA:113,0
DA:114,0
DA:115,0
DA:116,0
DA:117,0
DA:118,0
DA:119,8
DA:120,2
DA:121,2
DA:122,2
DA:123,2
DA:124,2
DA:125,2
DA:126,2
DA:127,2
DA:128,2
DA:129,2
DA:130,2
DA:131,2
DA:132,2
DA:133,0
DA:134,0
DA:135,0
DA:136,2
DA:137,2
DA:138,2
DA:139,2
DA:140,2
DA:141,2
DA:142,2
DA:143,2
DA:144,2
DA:145,2
DA:146,2
DA:147,2
DA:148,2
DA:149,2
DA:150,2
DA:151,2
DA:152,2
DA:153,2
DA:154,2
DA:155,2
DA:156,2
DA:157,2
DA:158,2
DA:159,2
DA:160,2
DA:161,2
DA:162,2
DA:163,2
DA:164,2
DA:165,2
DA:166,2
DA:167,2
DA:168,2
DA:169,2
DA:170,2
DA:171,2
DA:172,2
DA:173,2
DA:174,2
DA:175,2
DA:176,2
DA:177,2
DA:178,2
DA:179,2
DA:180,2
DA:181,2
DA:182,2
DA:183,2
DA:184,2
DA:185,2
DA:186,2
DA:187,2
DA:188,2
DA:189,2
DA:190,2
DA:191,2
DA:192,2
DA:193,2
DA:194,2
DA:195,2
DA:196,2
DA:197,2
DA:198,2
DA:199,2
DA:200,2
DA:201,0
DA:202,0
DA:203,0
DA:204,0
DA:205,0
DA:206,0
DA:207,0
DA:208,0
DA:209,0
DA:210,8
DA:211,28
DA:212,28
DA:213,28
DA:214,28
DA:215,28
DA:216,28
DA:217,28
DA:218,28
DA:219,28
DA:220,28
DA:221,28
DA:222,28
DA:223,28
DA:224,28
DA:225,28
DA:226,28
DA:227,28
DA:228,28
DA:229,28
DA:230,28
DA:231,28
DA:232,28
DA:233,28
DA:234,28
DA:235,28
DA:236,0
DA:237,28
DA:238,28
DA:239,28
DA:240,28
DA:241,28
DA:242,28
DA:243,28
DA:244,28
DA:245,1
DA:246,1
DA:247,1
DA:248,1
DA:249,28
DA:250,27
DA:251,27
DA:252,27
DA:253,27
DA:254,27
DA:255,27
DA:256,27
DA:257,27
DA:258,27
DA:259,28
DA:260,28
DA:261,28
DA:262,28
DA:263,28
DA:264,28
DA:265,27
DA:266,27
DA:267,27
DA:268,27
DA:269,81
DA:270,81
DA:271,81
DA:272,81
DA:273,0
DA:274,81
DA:275,81
DA:276,81
DA:277,81
DA:278,27
DA:279,28
DA:280,0
DA:281,0
DA:282,0
DA:283,0
DA:284,0
DA:285,0
DA:286,0
DA:287,0
DA:288,0
DA:289,0
DA:290,0
DA:291,0
DA:292,28
DA:293,27
DA:294,27
DA:295,27
DA:296,27
DA:297,27
DA:298,27
DA:299,27
DA:300,27
DA:301,27
DA:302,27
DA:303,27
DA:304,27
DA:305,0
DA:306,0
DA:307,0
DA:308,0
DA:309,28
DA:310,0
DA:311,0
DA:312,28
DA:313,8
DA:314,8
DA:315,2
DA:316,2
DA:317,2
DA:318,2
DA:319,2
DA:320,2
DA:321,2
DA:322,2
DA:323,2
DA:324,2
DA:325,2
DA:326,2
DA:327,2
DA:328,2
DA:329,2
DA:330,2
DA:331,2
DA:332,2
DA:333,2
DA:334,2
DA:335,2
DA:336,2
DA:337,0
DA:338,2
DA:339,2
DA:340,2
DA:341,2
DA:342,2
DA:343,2
DA:344,2
DA:345,2
DA:346,2
DA:347,2
DA:348,2
DA:349,0
DA:350,0
DA:351,2
DA:352,2
DA:353,2
DA:354,2
DA:355,2
DA:356,1
DA:357,2
DA:358,1
DA:359,1
DA:360,1
DA:361,1
DA:362,1
DA:363,1
DA:364,1
DA:365,1
DA:366,1
DA:367,1
DA:368,1
DA:369,1
DA:370,1
DA:371,1
DA:372,2
DA:373,0
DA:374,0
DA:375,0
DA:376,0
DA:377,0
DA:378,0
DA:379,0
DA:380,0
DA:381,0
DA:382,0
DA:383,0
DA:384,0
DA:385,0
DA:386,0
DA:387,0
DA:388,0
DA:389,2
DA:390,0
DA:391,0
DA:392,0
DA:393,0
DA:394,0
DA:395,0
DA:396,0
DA:397,0
DA:398,0
DA:399,0
DA:400,0
DA:401,0
DA:402,0
LF:402
LH:274
BRDA:1,0,0,8
BRDA:3,1,0,8
BRDA:7,2,0,0
BRDA:12,3,0,56
BRDA:14,4,0,40
BRDA:14,5,0,16
BRDA:119,6,0,2
BRDA:132,7,0,0
BRDA:174,8,0,0
BRDA:175,9,0,0
BRDA:190,10,0,0
BRDA:192,11,0,0
BRDA:200,12,0,0
BRDA:210,13,0,0
BRDA:210,14,0,28
BRDA:235,15,0,27
BRDA:235,16,0,0
BRDA:244,17,0,1
BRDA:249,18,0,27
BRDA:259,19,0,0
BRDA:264,20,0,27
BRDA:279,21,0,0
BRDA:292,22,0,27
BRDA:304,23,0,0
BRDA:309,24,0,27
BRDA:309,25,0,0
BRDA:312,26,0,27
BRDA:313,27,0,0
BRDA:245,28,0,3
BRDA:268,29,0,81
BRDA:272,30,0,0
BRDA:295,31,0,27
BRDA:297,32,0,0
BRDA:314,33,0,2
BRDA:336,34,0,0
BRDA:348,35,0,0
BRDA:354,36,0,1
BRDA:355,37,0,1
BRDA:357,38,0,1
BRDA:372,39,0,0
BRDA:372,40,0,0
BRDA:389,41,0,1
BRDA:389,42,0,0
BRDA:389,43,0,0
BRF:44
BRH:22
end_of_record
TN:
SF:src/controllers/ServerController.js
FN:4,_interopRequireWildcard
FN:15,_interopRequireDefault
FN:45,index
FN:70,store
FN:109,update
FNF:5
FNH:2
FNDA:8,_interopRequireWildcard
FNDA:32,_interopRequireDefault
FNDA:0,index
FNDA:0,store
FNDA:0,update
DA:1,8
DA:2,8
DA:3,8
DA:4,8
DA:5,8
DA:6,8
DA:7,8
DA:8,8
DA:9,0
DA:10,0
DA:11,0
DA:12,0
DA:13,0
DA:14,0
DA:15,8
DA:16,32
DA:17,32
DA:18,8
DA:19,8
DA:20,8
DA:21,8
DA:22,8
DA:23,8
DA:24,8
DA:25,8
DA:26,8
DA:27,8
DA:28,8
DA:29,8
DA:30,8
DA:31,8
DA:32,8
DA:33,8
DA:34,8
DA:35,8
DA:36,8
DA:37,8
DA:38,8
DA:39,8
DA:40,8
DA:41,8
DA:42,8
DA:43,8
DA:44,8
DA:45,8
DA:46,0
DA:47,0
DA:48,0
DA:49,0
DA:50,0
DA:51,0
DA:52,0
DA:53,0
DA:54,0
DA:55,0
DA:56,0
DA:57,0
DA:58,0
DA:59,0
DA:60,0
DA:61,0
DA:62,0
DA:63,0
DA:64,0
DA:65,0
DA:66,0
DA:67,0
DA:68,0
DA:69,0
DA:70,8
DA:71,0
DA:72,0
DA:73,0
DA:74,0
DA:75,0
DA:76,0
DA:77,0
DA:78,0
DA:79,0
DA:80,0
DA:81,0
DA:82,0
DA:83,0
DA:84,0
DA:85,0
DA:86,0
DA:87,0
DA:88,0
DA:89,0
DA:90,0
DA:91,0
DA:92,0
DA:93,0
DA:94,0
DA:95,0
DA:96,0
DA:97,0
DA:98,0
DA:99,0
DA:100,0
DA:101,0
DA:102,0
DA:103,0
DA:104,0
DA:105,0
DA:106,0
DA:107,0
DA:108,0
DA:109,8
DA:110,0
DA:111,0
DA:112,0
DA:113,0
DA:114,0
DA:115,0
DA:116,0
DA:117,0
DA:118,0
DA:119,0
DA:120,0
DA:121,0
DA:122,0
DA:123,0
DA:124,0
DA:125,0
DA:126,0
DA:127,0
DA:128,0
DA:129,0
DA:130,0
DA:131,0
DA:132,0
DA:133,0
DA:134,0
DA:135,0
DA:136,0
DA:137,0
DA:138,0
DA:139,0
DA:140,0
DA:141,0
DA:142,0
DA:143,0
DA:144,0
DA:145,0
DA:146,0
DA:147,0
DA:148,0
DA:149,0
DA:150,0
DA:151,0
DA:152,0
DA:153,0
DA:154,0
DA:155,0
DA:156,0
LF:156
LH:41
BRDA:1,0,0,8
BRDA:4,1,0,8
BRDA:8,2,0,0
BRDA:15,3,0,32
BRDA:17,4,0,16
BRDA:18,5,0,16
BRF:6
BRH:5
end_of_record
TN:
SF:src/controllers/UserController.js
FN:4,_interopRequireWildcard
FN:15,_interopRequireDefault
FN:29,show
FN:38,store
FN:75,update
FN:83,is
FNF:6
FNH:6
FNDA:8,_interopRequireWildcard
FNDA:16,_interopRequireDefault
FNDA:1,show
FNDA:10,store
FNDA:2,update
FNDA:4,is
DA:1,8
DA:2,8
DA:3,8
DA:4,8
DA:5,8
DA:6,8
DA:7,8
DA:8,0
DA:9,0
DA:10,0
DA:11,0
DA:12,0
DA:13,0
DA:14,0
DA:15,8
DA:16,16
DA:17,16
DA:18,16
DA:19,0
DA:20,8
DA:21,8
DA:22,8
DA:23,8
DA:24,8
DA:25,8
DA:26,8
DA:27,8
DA:28,8
DA:29,8
DA:30,1
DA:31,1
DA:32,1
DA:33,1
DA:34,1
DA:35,1
DA:36,1
DA:37,0
DA:38,8
DA:39,10
DA:40,10
DA:41,10
DA:42,10
DA:43,10
DA:44,10
DA:45,10
DA:46,10
DA:47,10
DA:48,10
DA:49,10
DA:50,10
DA:51,10
DA:52,10
DA:53,10
DA:54,10
DA:55,10
DA:56,10
DA:57,10
DA:58,0
DA:59,0
DA:60,10
DA:61,10
DA:62,10
DA:63,10
DA:64,10
DA:65,8
DA:66,8
DA:67,8
DA:68,8
DA:69,8
DA:70,8
DA:71,8
DA:72,8
DA:73,8
DA:74,10
DA:75,8
DA:76,2
DA:77,2
DA:78,2
DA:79,2
DA:80,2
DA:81,2
DA:82,2
DA:83,2
DA:84,2
DA:85,2
DA:86,2
DA:87,2
DA:88,2
DA:89,2
DA:90,2
DA:91,2
DA:92,2
DA:93,2
DA:94,2
DA:95,2
DA:96,2
DA:97,2
DA:98,2
DA:99,2
DA:100,2
DA:101,2
DA:102,2
DA:103,2
DA:104,2
DA:105,2
DA:106,2
DA:107,2
DA:108,0
DA:109,0
DA:110,0
DA:111,0
LF:111
LH:96
BRDA:1,0,0,8
BRDA:4,1,0,8
BRDA:7,2,0,0
BRDA:15,3,0,16
BRDA:18,4,0,0
BRDA:29,5,0,1
BRDA:36,6,0,0
BRDA:38,7,0,0
BRDA:38,8,0,10
BRDA:57,9,0,0
BRDA:63,10,0,2
BRDA:64,11,0,8
BRDA:74,12,0,0
BRDA:75,13,0,2
BRDA:98,14,0,0
BRDA:107,15,0,0
BRDA:83,16,0,4
BRF:17
BRH:9
end_of_record
